[ 2017-09-11T00:27:56+08:00 ] ::1 /pinpinpin/index.php/Home/Index/
INFO: [ app_init ] --START--
INFO: Run Behavior\BuildLiteBehavior [ RunTime:0.000022s ]
INFO: [ app_init ] --END-- [ RunTime:0.085469s ]
INFO: [ app_begin ] --START--
INFO: Run Behavior\ReadHtmlCacheBehavior [ RunTime:0.036546s ]
INFO: [ app_begin ] --END-- [ RunTime:0.036618s ]
NOTIC: [8] Undefined index: HTTP_RAW_POST_DATA F:\php\httpd-2.4.20-win64-VC14\Apache24\htdocs\pinpinpin\Application\Home\Controller\IndexController.class.php 第 185 行.

[ 2017-09-11T00:28:03+08:00 ] ::1 /pinpinpin/index.php/Home/Index/login
INFO: [ app_init ] --START--
INFO: Run Behavior\BuildLiteBehavior [ RunTime:0.000009s ]
INFO: [ app_init ] --END-- [ RunTime:0.000358s ]
INFO: [ app_begin ] --START--
INFO: Run Behavior\ReadHtmlCacheBehavior [ RunTime:0.000407s ]
INFO: [ app_begin ] --END-- [ RunTime:0.000431s ]
NOTIC: [8] Undefined index: code F:\php\httpd-2.4.20-win64-VC14\Apache24\htdocs\pinpinpin\Application\Home\Controller\IndexController.class.php 第 32 行.
NOTIC: [8] Undefined index: openid F:\php\httpd-2.4.20-win64-VC14\Apache24\htdocs\pinpinpin\Application\Home\Controller\IndexController.class.php 第 39 行.
INFO: [ view_parse ] --START--
INFO: [ template_filter ] --START--
INFO: Run Behavior\ContentReplaceBehavior [ RunTime:0.239986s ]
INFO: [ template_filter ] --END-- [ RunTime:0.240084s ]
INFO: Run Behavior\ParseTemplateBehavior [ RunTime:0.489529s ]
INFO: [ view_parse ] --END-- [ RunTime:0.489606s ]
INFO: [ view_filter ] --START--
INFO: Run Behavior\WriteHtmlCacheBehavior [ RunTime:0.048419s ]
INFO: [ view_filter ] --END-- [ RunTime:0.048510s ]
INFO: [ app_end ] --START--
INFO: Run Behavior\ShowPageTraceBehavior [ RunTime:0.033351s ]
INFO: [ app_end ] --END-- [ RunTime:0.033397s ]

[ 2017-09-11T00:31:23+08:00 ] ::1 /pinpinpin/index.php/Home/Index/login
INFO: [ app_init ] --START--
INFO: Run Behavior\BuildLiteBehavior [ RunTime:0.000064s ]
INFO: [ app_init ] --END-- [ RunTime:0.002021s ]
INFO: [ app_begin ] --START--
INFO: Run Behavior\ReadHtmlCacheBehavior [ RunTime:0.000727s ]
INFO: [ app_begin ] --END-- [ RunTime:0.000792s ]
NOTIC: [8] Undefined index: code F:\php\httpd-2.4.20-win64-VC14\Apache24\htdocs\pinpinpin\Application\Home\Controller\IndexController.class.php 第 32 行.
NOTIC: [8] Undefined index: openid F:\php\httpd-2.4.20-win64-VC14\Apache24\htdocs\pinpinpin\Application\Home\Controller\IndexController.class.php 第 39 行.
INFO: [ view_parse ] --START--
INFO: [ template_filter ] --START--
INFO: Run Behavior\ContentReplaceBehavior [ RunTime:0.000092s ]
INFO: [ template_filter ] --END-- [ RunTime:0.000180s ]
INFO: Run Behavior\ParseTemplateBehavior [ RunTime:0.006393s ]
INFO: [ view_parse ] --END-- [ RunTime:0.006447s ]
INFO: [ view_filter ] --START--
INFO: Run Behavior\WriteHtmlCacheBehavior [ RunTime:0.000583s ]
INFO: [ view_filter ] --END-- [ RunTime:0.000609s ]
INFO: [ app_end ] --START--
INFO: Run Behavior\ShowPageTraceBehavior [ RunTime:0.000559s ]
INFO: [ app_end ] --END-- [ RunTime:0.000581s ]

[ 2017-09-11T00:31:49+08:00 ] ::1 /pinpinpin/index.php/Home/Index/login
INFO: [ app_init ] --START--
INFO: Run Behavior\BuildLiteBehavior [ RunTime:0.000016s ]
INFO: [ app_init ] --END-- [ RunTime:0.000806s ]
INFO: [ app_begin ] --START--
INFO: Run Behavior\ReadHtmlCacheBehavior [ RunTime:0.000644s ]
INFO: [ app_begin ] --END-- [ RunTime:0.000698s ]
NOTIC: [8] Undefined index: code F:\php\httpd-2.4.20-win64-VC14\Apache24\htdocs\pinpinpin\Application\Home\Controller\IndexController.class.php 第 32 行.
NOTIC: [8] Undefined index: openid F:\php\httpd-2.4.20-win64-VC14\Apache24\htdocs\pinpinpin\Application\Home\Controller\IndexController.class.php 第 39 行.
INFO: [ view_parse ] --START--
INFO: [ template_filter ] --START--
INFO: Run Behavior\ContentReplaceBehavior [ RunTime:0.000059s ]
INFO: [ template_filter ] --END-- [ RunTime:0.000113s ]
INFO: Run Behavior\ParseTemplateBehavior [ RunTime:0.006594s ]
INFO: [ view_parse ] --END-- [ RunTime:0.006650s ]
INFO: [ view_filter ] --START--
INFO: Run Behavior\WriteHtmlCacheBehavior [ RunTime:0.000601s ]
INFO: [ view_filter ] --END-- [ RunTime:0.000636s ]
INFO: [ app_end ] --START--
INFO: Run Behavior\ShowPageTraceBehavior [ RunTime:0.000822s ]
INFO: [ app_end ] --END-- [ RunTime:0.000862s ]

[ 2017-09-11T00:32:57+08:00 ] ::1 /pinpinpin/index.php/Home/Index/login
INFO: [ app_init ] --START--
INFO: Run Behavior\BuildLiteBehavior [ RunTime:0.000011s ]
INFO: [ app_init ] --END-- [ RunTime:0.000385s ]
INFO: [ app_begin ] --START--
INFO: Run Behavior\ReadHtmlCacheBehavior [ RunTime:0.000787s ]
INFO: [ app_begin ] --END-- [ RunTime:0.000826s ]
NOTIC: [8] Undefined index: code F:\php\httpd-2.4.20-win64-VC14\Apache24\htdocs\pinpinpin\Application\Home\Controller\IndexController.class.php 第 32 行.
NOTIC: [8] Undefined index: openid F:\php\httpd-2.4.20-win64-VC14\Apache24\htdocs\pinpinpin\Application\Home\Controller\IndexController.class.php 第 39 行.
INFO: [ view_parse ] --START--
INFO: [ template_filter ] --START--
INFO: Run Behavior\ContentReplaceBehavior [ RunTime:0.000038s ]
INFO: [ template_filter ] --END-- [ RunTime:0.000070s ]
INFO: Run Behavior\ParseTemplateBehavior [ RunTime:0.006267s ]
INFO: [ view_parse ] --END-- [ RunTime:0.006301s ]
INFO: [ view_filter ] --START--
INFO: Run Behavior\WriteHtmlCacheBehavior [ RunTime:0.000428s ]
INFO: [ view_filter ] --END-- [ RunTime:0.000449s ]
INFO: [ app_end ] --START--
INFO: Run Behavior\ShowPageTraceBehavior [ RunTime:0.000557s ]
INFO: [ app_end ] --END-- [ RunTime:0.000581s ]

[ 2017-09-11T00:33:19+08:00 ] ::1 /pinpinpin/index.php/Home/Index/login
INFO: [ app_init ] --START--
INFO: Run Behavior\BuildLiteBehavior [ RunTime:0.000011s ]
INFO: [ app_init ] --END-- [ RunTime:0.000377s ]
INFO: [ app_begin ] --START--
INFO: Run Behavior\ReadHtmlCacheBehavior [ RunTime:0.000420s ]
INFO: [ app_begin ] --END-- [ RunTime:0.000450s ]
NOTIC: [8] Undefined index: code F:\php\httpd-2.4.20-win64-VC14\Apache24\htdocs\pinpinpin\Application\Home\Controller\IndexController.class.php 第 32 行.
NOTIC: [8] Undefined index: openid F:\php\httpd-2.4.20-win64-VC14\Apache24\htdocs\pinpinpin\Application\Home\Controller\IndexController.class.php 第 39 行.
INFO: [ view_parse ] --START--
INFO: [ template_filter ] --START--
INFO: Run Behavior\ContentReplaceBehavior [ RunTime:0.000034s ]
INFO: [ template_filter ] --END-- [ RunTime:0.000072s ]
INFO: Run Behavior\ParseTemplateBehavior [ RunTime:0.012675s ]
INFO: [ view_parse ] --END-- [ RunTime:0.012720s ]
INFO: [ view_filter ] --START--
INFO: Run Behavior\WriteHtmlCacheBehavior [ RunTime:0.000527s ]
INFO: [ view_filter ] --END-- [ RunTime:0.000552s ]
INFO: [ app_end ] --START--
INFO: Run Behavior\ShowPageTraceBehavior [ RunTime:0.000810s ]
INFO: [ app_end ] --END-- [ RunTime:0.000834s ]

[ 2017-09-11T00:34:27+08:00 ] ::1 /pinpinpin/index.php/Home/Index/login
INFO: [ app_init ] --START--
INFO: Run Behavior\BuildLiteBehavior [ RunTime:0.000010s ]
INFO: [ app_init ] --END-- [ RunTime:0.000424s ]
INFO: [ app_begin ] --START--
INFO: Run Behavior\ReadHtmlCacheBehavior [ RunTime:0.000622s ]
INFO: [ app_begin ] --END-- [ RunTime:0.000670s ]
NOTIC: [8] Undefined index: code F:\php\httpd-2.4.20-win64-VC14\Apache24\htdocs\pinpinpin\Application\Home\Controller\IndexController.class.php 第 32 行.
NOTIC: [8] Undefined index: openid F:\php\httpd-2.4.20-win64-VC14\Apache24\htdocs\pinpinpin\Application\Home\Controller\IndexController.class.php 第 39 行.
INFO: [ view_parse ] --START--
INFO: [ template_filter ] --START--
INFO: Run Behavior\ContentReplaceBehavior [ RunTime:0.000032s ]
INFO: [ template_filter ] --END-- [ RunTime:0.000069s ]
INFO: Run Behavior\ParseTemplateBehavior [ RunTime:0.012934s ]
INFO: [ view_parse ] --END-- [ RunTime:0.012985s ]
INFO: [ view_filter ] --START--
INFO: Run Behavior\WriteHtmlCacheBehavior [ RunTime:0.000470s ]
INFO: [ view_filter ] --END-- [ RunTime:0.000498s ]
INFO: [ app_end ] --START--
INFO: Run Behavior\ShowPageTraceBehavior [ RunTime:0.000700s ]
INFO: [ app_end ] --END-- [ RunTime:0.000747s ]

[ 2017-09-11T00:36:30+08:00 ] ::1 /pinpinpin/index.php/Home/Index/login
INFO: [ app_init ] --START--
INFO: Run Behavior\BuildLiteBehavior [ RunTime:0.000012s ]
INFO: [ app_init ] --END-- [ RunTime:0.000413s ]
INFO: [ app_begin ] --START--
INFO: Run Behavior\ReadHtmlCacheBehavior [ RunTime:0.000599s ]
INFO: [ app_begin ] --END-- [ RunTime:0.000629s ]
NOTIC: [8] Undefined index: code F:\php\httpd-2.4.20-win64-VC14\Apache24\htdocs\pinpinpin\Application\Home\Controller\IndexController.class.php 第 32 行.
NOTIC: [8] Undefined index: openid F:\php\httpd-2.4.20-win64-VC14\Apache24\htdocs\pinpinpin\Application\Home\Controller\IndexController.class.php 第 39 行.
INFO: [ view_parse ] --START--
INFO: [ template_filter ] --START--
INFO: Run Behavior\ContentReplaceBehavior [ RunTime:0.000068s ]
INFO: [ template_filter ] --END-- [ RunTime:0.000148s ]
INFO: Run Behavior\ParseTemplateBehavior [ RunTime:0.011647s ]
INFO: [ view_parse ] --END-- [ RunTime:0.011710s ]
INFO: [ view_filter ] --START--
INFO: Run Behavior\WriteHtmlCacheBehavior [ RunTime:0.000471s ]
INFO: [ view_filter ] --END-- [ RunTime:0.000503s ]
INFO: [ app_end ] --START--
INFO: Run Behavior\ShowPageTraceBehavior [ RunTime:0.000635s ]
INFO: [ app_end ] --END-- [ RunTime:0.000660s ]

